<?xml version="1.0" encoding="UTF-8"?>
<!-- Generated by org.testng.reporters.JUnitReportReporter -->
<testsuite hostname="Ruels-MacBook-Pro.local" name="example.NewTest" tests="1" failures="0" timestamp="25 Apr 2017 20:00:01 GMT" time="8.197" errors="0">
  <testcase name="testEasy" time="8.197" classname="example.NewTest"/>
</testsuite> <!-- example.NewTest -->
